[0.017s] Invoking command in '/home/ajeeb/ros2ws/src/mtc_tutorial/build/mtc_tutorial': CMAKE_PREFIX_PATH=${CMAKE_PREFIX_PATH}:/home/ajeeb/ros2ws/install/moveit_configs_utils:/home/ajeeb/ros2ws/install/launch_param_builder:/opt/ros/humble /usr/bin/cmake /home/ajeeb/ros2ws/src/mtc_tutorial -DCMAKE_BUILD_TYPE=Release -DCMAKE_INSTALL_PREFIX=/home/ajeeb/ros2ws/src/mtc_tutorial/install/mtc_tutorial
[0.151s] -- The C compiler identification is GNU 11.4.0
[0.292s] -- The CXX compiler identification is GNU 11.4.0
[0.304s] -- Detecting C compiler ABI info
[0.387s] -- Detecting C compiler ABI info - done
[0.392s] -- Check for working C compiler: /usr/bin/cc - skipped
[0.392s] -- Detecting C compile features
[0.393s] -- Detecting C compile features - done
[0.396s] -- Detecting CXX compiler ABI info
[0.476s] -- Detecting CXX compiler ABI info - done
[0.482s] -- Check for working CXX compiler: /usr/bin/c++ - skipped
[0.482s] -- Detecting CXX compile features
[0.482s] -- Detecting CXX compile features - done
[0.490s] -- Found ament_cmake: 1.3.10 (/opt/ros/humble/share/ament_cmake/cmake)
[0.642s] -- Found Python3: /usr/bin/python3 (found version "3.10.12") found components: Interpreter 
[0.775s] -- Found moveit_task_constructor_core: 0.1.3 (/home/ajeeb/ros2ws/install/moveit_task_constructor_core/share/moveit_task_constructor_core/cmake)
[0.875s] -- Found rosidl_generator_c: 3.1.5 (/opt/ros/humble/share/rosidl_generator_c/cmake)
[0.885s] -- Found rosidl_adapter: 3.1.5 (/opt/ros/humble/share/rosidl_adapter/cmake)
[0.899s] -- Found rosidl_generator_cpp: 3.1.5 (/opt/ros/humble/share/rosidl_generator_cpp/cmake)
[0.920s] -- Using all available rosidl_typesupport_c: rosidl_typesupport_fastrtps_c;rosidl_typesupport_introspection_c
[0.948s] -- Using all available rosidl_typesupport_cpp: rosidl_typesupport_fastrtps_cpp;rosidl_typesupport_introspection_cpp
[1.235s] -- Found Boost: /usr/lib/x86_64-linux-gnu/cmake/Boost-1.74.0/BoostConfig.cmake (found version "1.74.0") found components: chrono date_time filesystem iostreams program_options regex serialization system thread 
[1.323s] -- Found parameter_traits: 0.3.9 (/opt/ros/humble/share/parameter_traits/cmake)
[1.401s] -- Found rmw_implementation_cmake: 6.1.2 (/opt/ros/humble/share/rmw_implementation_cmake/cmake)
[1.409s] -- Found rmw_cyclonedds_cpp: 1.3.4 (/opt/ros/humble/share/rmw_cyclonedds_cpp/cmake)
[1.452s] -- Using RMW implementation 'rmw_cyclonedds_cpp' as default
[1.468s] -- Found Threads: TRUE  
[1.540s] -- Found Eigen3: TRUE (found version "3.4.0") 
[1.548s] -- Found rclcpp_lifecycle: 16.0.10 (/opt/ros/humble/share/rclcpp_lifecycle/cmake)
[1.583s] -- Found Boost: /usr/lib/x86_64-linux-gnu/cmake/Boost-1.74.0/BoostConfig.cmake (found version "1.74.0") found components: filesystem 
[1.696s] -- library: /usr/lib/x86_64-linux-gnu/libcurl.so
[1.782s] -- Ensuring Eigen3 include directory is part of orocos-kdl CMake target
[2.104s] -- Found Boost: /usr/lib/x86_64-linux-gnu/cmake/Boost-1.74.0/BoostConfig.cmake (found version "1.74.0") found components: system filesystem date_time program_options thread chrono 
[2.132s] -- Found Boost: /usr/lib/x86_64-linux-gnu/cmake/Boost-1.74.0/BoostConfig.cmake (found version "1.74.0") found components: date_time filesystem program_options system thread 
[2.147s] -- Found Boost: /usr/lib/x86_64-linux-gnu/cmake/Boost-1.74.0/BoostConfig.cmake (found version "1.74.0") found components: thread system filesystem regex date_time program_options 
[2.243s] -- Found Boost: /usr/lib/x86_64-linux-gnu/cmake/Boost-1.74.0/BoostConfig.cmake (found version "1.74.0") found components: system filesystem date_time program_options thread 
[2.342s] -- Found ament_lint_auto: 0.12.11 (/opt/ros/humble/share/ament_lint_auto/cmake)
[2.428s] -- Added test 'cppcheck' to perform static code analysis on C / C++ code
[2.428s] -- Configured cppcheck include dirs: $<BUILD_INTERFACE:/home/ajeeb/ros2ws/src/mtc_tutorial/include>
[2.428s] -- Configured cppcheck exclude dirs and/or files: 
[2.430s] -- Added test 'flake8' to check Python code syntax and style conventions
[2.431s] -- Added test 'lint_cmake' to check CMake code style
[2.433s] -- Added test 'pep257' to check Python code against some of the docstring style conventions in PEP 257
[2.436s] -- Added test 'uncrustify' to check C / C++ code style
[2.436s] -- Configured uncrustify additional arguments: 
[2.437s] -- Added test 'xmllint' to check XML markup files
[2.440s] -- Configuring done
[2.470s] -- Generating done
[2.476s] -- Build files have been written to: /home/ajeeb/ros2ws/src/mtc_tutorial/build/mtc_tutorial
[2.488s] Invoked command in '/home/ajeeb/ros2ws/src/mtc_tutorial/build/mtc_tutorial' returned '0': CMAKE_PREFIX_PATH=${CMAKE_PREFIX_PATH}:/home/ajeeb/ros2ws/install/moveit_configs_utils:/home/ajeeb/ros2ws/install/launch_param_builder:/opt/ros/humble /usr/bin/cmake /home/ajeeb/ros2ws/src/mtc_tutorial -DCMAKE_BUILD_TYPE=Release -DCMAKE_INSTALL_PREFIX=/home/ajeeb/ros2ws/src/mtc_tutorial/install/mtc_tutorial
[2.489s] Invoking command in '/home/ajeeb/ros2ws/src/mtc_tutorial/build/mtc_tutorial': CMAKE_PREFIX_PATH=${CMAKE_PREFIX_PATH}:/home/ajeeb/ros2ws/install/moveit_configs_utils:/home/ajeeb/ros2ws/install/launch_param_builder:/opt/ros/humble /usr/bin/cmake --build /home/ajeeb/ros2ws/src/mtc_tutorial/build/mtc_tutorial -- -j8 -l8
[2.562s] [ 50%] [32mBuilding CXX object CMakeFiles/mtc_tutorial.dir/src/mtc_tutorial.cpp.o[0m
[8.322s] gmake[2]: *** [CMakeFiles/mtc_tutorial.dir/build.make:76: CMakeFiles/mtc_tutorial.dir/src/mtc_tutorial.cpp.o] Interrupt
[8.322s] gmake[1]: *** [CMakeFiles/Makefile2:137: CMakeFiles/mtc_tutorial.dir/all] Interrupt
[8.322s] gmake: *** [Makefile:146: all] Interrupt
[8.352s] Invoked command in '/home/ajeeb/ros2ws/src/mtc_tutorial/build/mtc_tutorial' returned '-2': CMAKE_PREFIX_PATH=${CMAKE_PREFIX_PATH}:/home/ajeeb/ros2ws/install/moveit_configs_utils:/home/ajeeb/ros2ws/install/launch_param_builder:/opt/ros/humble /usr/bin/cmake --build /home/ajeeb/ros2ws/src/mtc_tutorial/build/mtc_tutorial -- -j8 -l8
